0 info it worked if it ends with ok
1 verbose cli [ '/usr/bin/node', '/usr/bin/npm', 'install', 'scss-lint' ]
2 info using npm@1.4.28
3 info using node@v0.10.32
4 verbose node symlink /usr/bin/node
5 verbose cache add [ 'scss-lint', null ]
6 verbose cache add name=undefined spec="scss-lint" args=["scss-lint",null]
7 verbose parsed url { protocol: null,
7 verbose parsed url   slashes: null,
7 verbose parsed url   auth: null,
7 verbose parsed url   host: null,
7 verbose parsed url   port: null,
7 verbose parsed url   hostname: null,
7 verbose parsed url   hash: null,
7 verbose parsed url   search: null,
7 verbose parsed url   query: null,
7 verbose parsed url   pathname: 'scss-lint',
7 verbose parsed url   path: 'scss-lint',
7 verbose parsed url   href: 'scss-lint' }
8 silly lockFile 175dfd12-scss-lint scss-lint
9 verbose lock scss-lint /home/jhony/.npm/175dfd12-scss-lint.lock
10 silly lockFile 175dfd12-scss-lint scss-lint
11 silly lockFile 175dfd12-scss-lint scss-lint
12 verbose addNamed [ 'scss-lint', '' ]
13 verbose addNamed [ null, '*' ]
14 silly lockFile 3322e77e-scss-lint scss-lint@
15 verbose lock scss-lint@ /home/jhony/.npm/3322e77e-scss-lint.lock
16 silly addNameRange { name: 'scss-lint', range: '*', hasData: false }
17 verbose request where is /scss-lint
18 verbose request registry https://registry.npmjs.org/
19 verbose request id 78182c1f051d09be
20 verbose url raw /scss-lint
21 verbose url resolving [ 'https://registry.npmjs.org/', './scss-lint' ]
22 verbose url resolved https://registry.npmjs.org/scss-lint
23 verbose request where is https://registry.npmjs.org/scss-lint
24 info trying registry request attempt 1 at 06:08:38
25 http GET https://registry.npmjs.org/scss-lint
26 http 404 https://registry.npmjs.org/scss-lint
27 verbose headers { date: 'Mon, 13 Oct 2014 09:08:38 GMT',
27 verbose headers   server: 'CouchDB/1.5.0 (Erlang OTP/R16B03)',
27 verbose headers   'content-type': 'application/json',
27 verbose headers   'cache-control': 'max-age=0',
27 verbose headers   'content-length': '52',
27 verbose headers   'accept-ranges': 'bytes',
27 verbose headers   via: '1.1 varnish',
27 verbose headers   age: '0',
27 verbose headers   'x-served-by': 'cache-jfk1035-JFK',
27 verbose headers   'x-cache': 'MISS',
27 verbose headers   'x-cache-hits': '0',
27 verbose headers   'x-timer': 'S1413191318.053909,VS0,VE314',
27 verbose headers   'keep-alive': 'timeout=10, max=50',
27 verbose headers   connection: 'Keep-Alive' }
28 silly registry.get cb [ 404,
28 silly registry.get   { date: 'Mon, 13 Oct 2014 09:08:38 GMT',
28 silly registry.get     server: 'CouchDB/1.5.0 (Erlang OTP/R16B03)',
28 silly registry.get     'content-type': 'application/json',
28 silly registry.get     'cache-control': 'max-age=0',
28 silly registry.get     'content-length': '52',
28 silly registry.get     'accept-ranges': 'bytes',
28 silly registry.get     via: '1.1 varnish',
28 silly registry.get     age: '0',
28 silly registry.get     'x-served-by': 'cache-jfk1035-JFK',
28 silly registry.get     'x-cache': 'MISS',
28 silly registry.get     'x-cache-hits': '0',
28 silly registry.get     'x-timer': 'S1413191318.053909,VS0,VE314',
28 silly registry.get     'keep-alive': 'timeout=10, max=50',
28 silly registry.get     connection: 'Keep-Alive' } ]
29 silly lockFile 3322e77e-scss-lint scss-lint@
30 silly lockFile 3322e77e-scss-lint scss-lint@
31 error 404 404 Not Found: scss-lint
31 error 404
31 error 404 'scss-lint' is not in the npm registry.
31 error 404 You should bug the author to publish it
31 error 404
31 error 404 Note that you can also install from a
31 error 404 tarball, folder, or http url, or git url.
32 error System Linux 3.13.0-37-generic
33 error command "/usr/bin/node" "/usr/bin/npm" "install" "scss-lint"
34 error cwd /home/jhony/projetosRails/rubyjobs
35 error node -v v0.10.32
36 error npm -v 1.4.28
37 error code E404
38 verbose exit [ 1, true ]
